Build started 2014-08-24 22:47:05.
     1>Project "C:\Users\DW\documents\visual studio 2013\Projects\OpenGL tut\OpenGL tut\OpenGL tut.vcxproj" on node 2 (Build target(s)).
     1>ClCompile:
         C:\Program Files (x86)\Microsoft Visual Studio 12.0\VC\bin\CL.exe /c /I.\include /ZI /nologo /W3 /WX- /sdl /Od /Oy- /D _MBCS /Gm /EHsc /RTC1 /MDd /GS /fp:precise /Zc:wchar_t /Zc:forScope /Fo"Debug\\" /Fd"Debug\vc120.pdb" /Gd /TP /analyze- /errorReport:prompt display.cpp main.cpp
         display.cpp
         Generating Code...
         Compiling...
         main.cpp
         GLM: perspective function taking degrees as a parameter is deprecated. #define GLM_FORCE_RADIANS before including GLM headers to remove this message.
         GLM: rotate function taking degrees as a parameter is deprecated. #define GLM_FORCE_RADIANS before including GLM headers to remove this message.
         Generating Code...
       Link:
         C:\Program Files (x86)\Microsoft Visual Studio 12.0\VC\bin\link.exe /ERRORREPORT:PROMPT /OUT:"C:\Users\DW\documents\visual studio 2013\Projects\OpenGL tut\Debug\OpenGL tut.exe" /INCREMENTAL /NOLOGO /LIBPATH:.\lib glew32.lib glew32s.lib SDL2.lib SDL2main.lib SDL2test.lib OpenGL32.lib d3d9.lib d3dx9.lib kernel32.lib user32.lib gdi32.lib winspool.lib comdlg32.lib advapi32.lib shell32.lib ole32.lib oleaut32.lib uuid.lib odbc32.lib odbccp32.lib /MANIFEST /MANIFESTUAC:"level='asInvoker' uiAccess='false'" /manifest:embed /DEBUG /PDB:"C:\Users\DW\documents\visual studio 2013\Projects\OpenGL tut\Debug\OpenGL tut.pdb" /SUBSYSTEM:CONSOLE /TLBID:1 /DYNAMICBASE /NXCOMPAT /IMPLIB:"C:\Users\DW\documents\visual studio 2013\Projects\OpenGL tut\Debug\OpenGL tut.lib" /MACHINE:X86 Debug\display.obj
         Debug\main.obj
         Debug\mesh.obj
         Debug\obj_loader.obj
         Debug\shader.obj
         Debug\stb_image.obj
         Debug\texture.obj
         OpenGL tut.vcxproj -> C:\Users\DW\documents\visual studio 2013\Projects\OpenGL tut\Debug\OpenGL tut.exe
     1>Done Building Project "C:\Users\DW\documents\visual studio 2013\Projects\OpenGL tut\OpenGL tut\OpenGL tut.vcxproj" (Build target(s)).

Build succeeded.

Time Elapsed 00:00:01.27
